<?xml version="1.0" encoding="UTF-8"?>
<!-- Generated by org.testng.reporters.JUnitXMLReporter -->
<testsuite ignored="0" hostname="bkher-C02DT1DSMD6N" failures="1" tests="1" name="Learning tests" time="68.308" errors="0" timestamp="10 Dec 2023 16:01:44 GMT">
  <testcase classname="testSelenium.learning.NaukariTest" name="NaukariPageTest" time="9.745">
    <failure type="java.lang.Error" message="Unresolved compilation problem: 
	The constructor Utility() is undefined
">
      <![CDATA[java.lang.Error: Unresolved compilation problem: 
The constructor Utility() is undefined

at Pages.NaukariPage.mouseHoverAndClick(NaukariPage.java:21)
at testSelenium.learning.NaukariTest.NaukariPageTest(NaukariTest.java:14)
at java.base/java.util.concurrent.ThreadPoolExecutor.runWorker(ThreadPoolExecutor.java:1144)
at java.base/java.util.concurrent.ThreadPoolExecutor$Worker.run(ThreadPoolExecutor.java:642)
at java.base/java.lang.Thread.run(Thread.java:1623)
... Removed 8 stack frames]]>
    </failure>
  </testcase> <!-- NaukariPageTest -->
</testsuite> <!-- Learning tests -->
