<?xml version="1.0" encoding="UTF-8"?>
<testng-results ignored="0" total="1" passed="0" failed="1" skipped="0">
  <reporter-output>
  </reporter-output>
  <suite started-at="2023-12-10T15:41:05Z" name="Lerning Main Suit" finished-at="2023-12-10T15:41:17Z" duration-ms="11966">
    <groups>
    </groups>
    <test started-at="2023-12-10T15:41:05Z" name="Learning tests" finished-at="2023-12-10T15:41:17Z" duration-ms="11966">
      <class name="testSelenium.learning.NaukariTest">
        <test-method is-config="true" signature="openBrowser(java.lang.String)[pri:0, instance:testSelenium.learning.NaukariTest@6a472554]" started-at="2023-12-10T15:41:05Z" name="openBrowser" finished-at="2023-12-10T15:41:16Z" duration-ms="11181" status="PASS">
          <params>
            <param index="0">
              <value>
                <![CDATA[firefox]]>
              </value>
            </param>
          </params>
          <reporter-output>
          </reporter-output>
        </test-method> <!-- openBrowser -->
        <test-method signature="NaukariPageTest()[pri:0, instance:testSelenium.learning.NaukariTest@6a472554]" started-at="2023-12-10T15:41:16Z" name="NaukariPageTest" finished-at="2023-12-10T15:41:16Z" duration-ms="18" status="FAIL">
          <exception class="java.lang.NullPointerException">
            <message>
              <![CDATA[Cannot invoke "commonPackage.Utility.testWithActionClass(String, org.openqa.selenium.WebElement)" because "this.utils" is null]]>
            </message>
            <full-stacktrace>
              <![CDATA[java.lang.NullPointerException: Cannot invoke "commonPackage.Utility.testWithActionClass(String, org.openqa.selenium.WebElement)" because "this.utils" is null
at Pages.NaukariPage.mouseHoverAndClick(NaukariPage.java:21)
at testSelenium.learning.NaukariTest.NaukariPageTest(NaukariTest.java:14)
at java.base/jdk.internal.reflect.DirectMethodHandleAccessor.invoke(DirectMethodHandleAccessor.java:103)
at java.base/java.lang.reflect.Method.invoke(Method.java:580)
at org.testng.internal.MethodInvocationHelper.invokeMethod(MethodInvocationHelper.java:124)
at org.testng.internal.Invoker.invokeMethod(Invoker.java:583)
at org.testng.internal.Invoker.invokeTestMethod(Invoker.java:719)
at org.testng.internal.Invoker.invokeTestMethods(Invoker.java:989)
at org.testng.internal.TestMethodWorker.invokeTestMethods(TestMethodWorker.java:125)
at org.testng.internal.TestMethodWorker.run(TestMethodWorker.java:109)
at java.base/java.util.concurrent.ThreadPoolExecutor.runWorker(ThreadPoolExecutor.java:1144)
at java.base/java.util.concurrent.ThreadPoolExecutor$Worker.run(ThreadPoolExecutor.java:642)
at java.base/java.lang.Thread.run(Thread.java:1583)
]]>
            </full-stacktrace>
          </exception> <!-- java.lang.NullPointerException -->
          <reporter-output>
          </reporter-output>
        </test-method> <!-- NaukariPageTest -->
        <test-method is-config="true" signature="exitBrowser()[pri:0, instance:testSelenium.learning.NaukariTest@6a472554]" started-at="2023-12-10T15:41:16Z" name="exitBrowser" finished-at="2023-12-10T15:41:17Z" duration-ms="756" status="PASS">
          <reporter-output>
          </reporter-output>
        </test-method> <!-- exitBrowser -->
      </class> <!-- testSelenium.learning.NaukariTest -->
    </test> <!-- Learning tests -->
  </suite> <!-- Lerning Main Suit -->
</testng-results>
