<?xml version="1.0" encoding="UTF-8"?>
<testng-results ignored="0" total="1" passed="1" failed="0" skipped="0">
  <reporter-output>
  </reporter-output>
  <suite started-at="2023-12-11T12:22:49Z" name="Lerning Main Suit" finished-at="2023-12-11T12:23:48Z" duration-ms="58700">
    <groups>
    </groups>
    <test started-at="2023-12-11T12:22:49Z" name="Learning tests" finished-at="2023-12-11T12:23:48Z" duration-ms="58700">
      <class name="testSelenium.learning.NaukariTest">
        <test-method is-config="true" signature="openBrowser(java.lang.String)[pri:0, instance:testSelenium.learning.NaukariTest@366647c2]" started-at="2023-12-11T12:22:49Z" name="openBrowser" finished-at="2023-12-11T12:23:40Z" duration-ms="51615" status="PASS">
          <params>
            <param index="0">
              <value>
                <![CDATA[firefox]]>
              </value>
            </param>
          </params>
          <reporter-output>
          </reporter-output>
        </test-method> <!-- openBrowser -->
        <test-method signature="NaukariPageTest()[pri:0, instance:testSelenium.learning.NaukariTest@366647c2]" started-at="2023-12-11T12:23:41Z" name="NaukariPageTest" finished-at="2023-12-11T12:23:42Z" duration-ms="1624" status="PASS">
          <reporter-output>
          </reporter-output>
        </test-method> <!-- NaukariPageTest -->
        <test-method is-config="true" signature="exitBrowser()[pri:0, instance:testSelenium.learning.NaukariTest@366647c2]" started-at="2023-12-11T12:23:42Z" name="exitBrowser" finished-at="2023-12-11T12:23:48Z" duration-ms="5092" status="PASS">
          <reporter-output>
          </reporter-output>
        </test-method> <!-- exitBrowser -->
      </class> <!-- testSelenium.learning.NaukariTest -->
    </test> <!-- Learning tests -->
  </suite> <!-- Lerning Main Suit -->
</testng-results>
