<?xml version="1.0" encoding="UTF-8"?>
<testng-results ignored="0" total="1" passed="1" failed="0" skipped="0">
  <reporter-output>
  </reporter-output>
  <suite started-at="2023-12-11T17:26:02 IST" name="Lerning Main Suit" finished-at="2023-12-11T17:26:24 IST" duration-ms="21866">
    <groups>
    </groups>
    <test started-at="2023-12-11T17:26:02 IST" name="Learning tests" finished-at="2023-12-11T17:26:24 IST" duration-ms="21866">
      <class name="testSelenium.learning.NaukariTest">
        <test-method is-config="true" signature="openBrowser(java.lang.String)[pri:0, instance:testSelenium.learning.NaukariTest@63376bed]" started-at="2023-12-11T17:26:02 IST" name="openBrowser" finished-at="2023-12-11T17:26:18 IST" duration-ms="15560" status="PASS">
          <params>
            <param index="0">
              <value>
                <![CDATA[firefox]]>
              </value>
            </param>
          </params>
          <reporter-output>
          </reporter-output>
        </test-method> <!-- openBrowser -->
        <test-method signature="NaukariPageTest()[pri:0, instance:testSelenium.learning.NaukariTest@63376bed]" started-at="2023-12-11T17:26:18 IST" name="NaukariPageTest" finished-at="2023-12-11T17:26:19 IST" duration-ms="1500" status="PASS">
          <reporter-output>
          </reporter-output>
        </test-method> <!-- NaukariPageTest -->
        <test-method is-config="true" signature="exitBrowser()[pri:0, instance:testSelenium.learning.NaukariTest@63376bed]" started-at="2023-12-11T17:26:19 IST" name="exitBrowser" finished-at="2023-12-11T17:26:24 IST" duration-ms="4761" status="PASS">
          <reporter-output>
          </reporter-output>
        </test-method> <!-- exitBrowser -->
      </class> <!-- testSelenium.learning.NaukariTest -->
    </test> <!-- Learning tests -->
  </suite> <!-- Lerning Main Suit -->
</testng-results>
